Bleach : 100 episodes
skip ep 1 (deja HQ sur R2)
skip ep 2 (deja HQ sur R2)
skip ep 3 (deja HQ sur R2)
skip ep 4 (deja HQ sur R2)
skip ep 5 (deja HQ sur R2)
skip ep 6 (deja HQ sur R2)
skip ep 7 (deja HQ sur R2)
skip ep 8 (deja HQ sur R2)

Ep 9
  up anime/bleach/S01E009-vostfr.mp4 (113 MB)
  up anime/bleach/thumbnails/S01E009.jpg (0 MB)
  up anime/bleach/S01E009-fr.vtt (0 MB)
  ok ep 9

Ep 10
  up anime/bleach/S01E010-vostfr.mp4 (494 MB)
  up anime/bleach/thumbnails/S01E010.jpg (0 MB)
  up anime/bleach/S01E010-fr.vtt (0 MB)
  ok ep 10

Ep 11
  up anime/bleach/S01E011-vostfr.mp4 (507 MB)
  up anime/bleach/thumbnails/S01E011.jpg (0 MB)
  up anime/bleach/S01E011-fr.vtt (0 MB)
  ok ep 11

Ep 12
  up anime/bleach/S01E012-vostfr.mp4 (537 MB)
  up anime/bleach/thumbnails/S01E012.jpg (0 MB)
  up anime/bleach/S01E012-fr.vtt (0 MB)
  ok ep 12

Ep 13
  up anime/bleach/S01E013-vostfr.mp4 (489 MB)
  up anime/bleach/thumbnails/S01E013.jpg (0 MB)
  up anime/bleach/S01E013-fr.vtt (0 MB)
  ok ep 13

Ep 14
  up anime/bleach/S01E014-vostfr.mp4 (529 MB)
  up anime/bleach/thumbnails/S01E014.jpg (0 MB)
  up anime/bleach/S01E014-fr.vtt (0 MB)
  ok ep 14

Ep 15
  up anime/bleach/S01E015-vostfr.mp4 (620 MB)
  up anime/bleach/thumbnails/S01E015.jpg (0 MB)
  up anime/bleach/S01E015-fr.vtt (0 MB)
  ok ep 15

Ep 16
  up anime/bleach/S01E016-vostfr.mp4 (598 MB)
  up anime/bleach/thumbnails/S01E016.jpg (0 MB)
  up anime/bleach/S01E016-fr.vtt (0 MB)
  ok ep 16

Ep 17
  up anime/bleach/S01E017-vostfr.mp4 (485 MB)
  up anime/bleach/thumbnails/S01E017.jpg (0 MB)
  up anime/bleach/S01E017-fr.vtt (0 MB)
  ok ep 17

Ep 18
  up anime/bleach/S01E018-vostfr.mp4 (451 MB)
  up anime/bleach/thumbnails/S01E018.jpg (0 MB)
  up anime/bleach/S01E018-fr.vtt (0 MB)
  ok ep 18

Ep 19
  up anime/bleach/S01E019-vostfr.mp4 (598 MB)
  up anime/bleach/thumbnails/S01E019.jpg (0 MB)
  up anime/bleach/S01E019-fr.vtt (0 MB)
  ok ep 19

Ep 20
  up anime/bleach/S01E020-vostfr.mp4 (463 MB)
  up anime/bleach/thumbnails/S01E020.jpg (0 MB)
  up anime/bleach/S01E020-fr.vtt (0 MB)
  ok ep 20

Ep 21
  up anime/bleach/S01E021-vostfr.mp4 (505 MB)
  up anime/bleach/thumbnails/S01E021.jpg (0 MB)
  up anime/bleach/S01E021-fr.vtt (0 MB)
  ok ep 21

Ep 22
  up anime/bleach/S01E022-vostfr.mp4 (442 MB)
  up anime/bleach/thumbnails/S01E022.jpg (0 MB)
  up anime/bleach/S01E022-fr.vtt (0 MB)
  ok ep 22

Ep 23
  up anime/bleach/S01E023-vostfr.mp4 (475 MB)
  up anime/bleach/thumbnails/S01E023.jpg (0 MB)
  up anime/bleach/S01E023-fr.vtt (0 MB)
  ok ep 23

Ep 24
  up anime/bleach/S01E024-vostfr.mp4 (441 MB)
  up anime/bleach/thumbnails/S01E024.jpg (0 MB)
  up anime/bleach/S01E024-fr.vtt (0 MB)
  ok ep 24

Ep 25
  up anime/bleach/S01E025-vostfr.mp4 (516 MB)
  up anime/bleach/thumbnails/S01E025.jpg (0 MB)
  up anime/bleach/S01E025-fr.vtt (0 MB)
  ok ep 25

Ep 26
  up anime/bleach/S01E026-vostfr.mp4 (489 MB)
  up anime/bleach/thumbnails/S01E026.jpg (0 MB)
  up anime/bleach/S01E026-fr.vtt (0 MB)
  ok ep 26

Ep 27
  up anime/bleach/S01E027-vostfr.mp4 (511 MB)
  up anime/bleach/thumbnails/S01E027.jpg (0 MB)
  up anime/bleach/S01E027-fr.vtt (0 MB)
  ok ep 27

Ep 28
  up anime/bleach/S01E028-vostfr.mp4 (585 MB)
  up anime/bleach/thumbnails/S01E028.jpg (0 MB)
  up anime/bleach/S01E028-fr.vtt (0 MB)
  ok ep 28

Ep 29
  up anime/bleach/S01E029-vostfr.mp4 (541 MB)
  up anime/bleach/thumbnails/S01E029.jpg (0 MB)
  up anime/bleach/S01E029-fr.vtt (0 MB)
  ok ep 29

Ep 30
  up anime/bleach/S01E030-vostfr.mp4 (577 MB)
  up anime/bleach/thumbnails/S01E030.jpg (0 MB)
  up anime/bleach/S01E030-fr.vtt (0 MB)
  ok ep 30

Ep 31
  up anime/bleach/S01E031-vostfr.mp4 (543 MB)
  up anime/bleach/thumbnails/S01E031.jpg (0 MB)
  up anime/bleach/S01E031-fr.vtt (0 MB)
  ok ep 31

Ep 32
  up anime/bleach/S01E032-vostfr.mp4 (456 MB)
  up anime/bleach/thumbnails/S01E032.jpg (0 MB)
  up anime/bleach/S01E032-fr.vtt (0 MB)
  ok ep 32

Ep 33
  up anime/bleach/S01E033-vostfr.mp4 (526 MB)
  up anime/bleach/thumbnails/S01E033.jpg (0 MB)
  up anime/bleach/S01E033-fr.vtt (0 MB)
  ok ep 33

Ep 34
  up anime/bleach/S01E034-vostfr.mp4 (436 MB)
  up anime/bleach/thumbnails/S01E034.jpg (0 MB)
  up anime/bleach/S01E034-fr.vtt (0 MB)
  ok ep 34

Ep 35
  up anime/bleach/S01E035-vostfr.mp4 (475 MB)
  up anime/bleach/thumbnails/S01E035.jpg (0 MB)
  up anime/bleach/S01E035-fr.vtt (0 MB)
  ok ep 35

Ep 36
  up anime/bleach/S01E036-vostfr.mp4 (518 MB)
  up anime/bleach/thumbnails/S01E036.jpg (0 MB)
  up anime/bleach/S01E036-fr.vtt (0 MB)
  ok ep 36

Ep 37
  up anime/bleach/S01E037-vostfr.mp4 (555 MB)
  up anime/bleach/thumbnails/S01E037.jpg (0 MB)
  up anime/bleach/S01E037-fr.vtt (0 MB)
  ok ep 37

Ep 38
  up anime/bleach/S01E038-vostfr.mp4 (535 MB)
  up anime/bleach/thumbnails/S01E038.jpg (0 MB)
  up anime/bleach/S01E038-fr.vtt (0 MB)
  ok ep 38

Ep 39
  up anime/bleach/S01E039-vostfr.mp4 (807 MB)
  up anime/bleach/thumbnails/S01E039.jpg (0 MB)
  up anime/bleach/S01E039-fr.vtt (0 MB)
  ok ep 39

Ep 40
  up anime/bleach/S01E040-vostfr.mp4 (476 MB)
  up anime/bleach/thumbnails/S01E040.jpg (0 MB)
  up anime/bleach/S01E040-fr.vtt (0 MB)
  ok ep 40

Ep 41
  up anime/bleach/S01E041-vostfr.mp4 (634 MB)
  up anime/bleach/thumbnails/S01E041.jpg (0 MB)
  up anime/bleach/S01E041-fr.vtt (0 MB)
  ok ep 41

Ep 42
  up anime/bleach/S01E042-vostfr.mp4 (501 MB)
  up anime/bleach/thumbnails/S01E042.jpg (0 MB)
  up anime/bleach/S01E042-fr.vtt (0 MB)
  ok ep 42

Ep 43
  up anime/bleach/S01E043-vostfr.mp4 (501 MB)
  up anime/bleach/thumbnails/S01E043.jpg (0 MB)
  up anime/bleach/S01E043-fr.vtt (0 MB)
  ok ep 43

Ep 44
  up anime/bleach/S01E044-vostfr.mp4 (475 MB)
  up anime/bleach/thumbnails/S01E044.jpg (0 MB)
  up anime/bleach/S01E044-fr.vtt (0 MB)
  ok ep 44

Ep 45
  up anime/bleach/S01E045-vostfr.mp4 (627 MB)
  up anime/bleach/thumbnails/S01E045.jpg (0 MB)
  up anime/bleach/S01E045-fr.vtt (0 MB)
  ok ep 45

Ep 46
  up anime/bleach/S01E046-vostfr.mp4 (501 MB)
  up anime/bleach/thumbnails/S01E046.jpg (0 MB)
  up anime/bleach/S01E046-fr.vtt (0 MB)
  ok ep 46

Ep 47
  up anime/bleach/S01E047-vostfr.mp4 (599 MB)
  up anime/bleach/thumbnails/S01E047.jpg (0 MB)
  up anime/bleach/S01E047-fr.vtt (0 MB)
  ok ep 47

Ep 48
  up anime/bleach/S01E048-vostfr.mp4 (602 MB)
  up anime/bleach/thumbnails/S01E048.jpg (0 MB)
  up anime/bleach/S01E048-fr.vtt (0 MB)
  ok ep 48

Ep 49
  up anime/bleach/S01E049-vostfr.mp4 (514 MB)
  up anime/bleach/thumbnails/S01E049.jpg (0 MB)
  up anime/bleach/S01E049-fr.vtt (0 MB)
  ok ep 49

Ep 50
  up anime/bleach/S01E050-vostfr.mp4 (642 MB)
  up anime/bleach/thumbnails/S01E050.jpg (0 MB)
  up anime/bleach/S01E050-fr.vtt (0 MB)
  ok ep 50

Ep 51
  up anime/bleach/S01E051-vostfr.mp4 (508 MB)
  up anime/bleach/thumbnails/S01E051.jpg (0 MB)
  up anime/bleach/S01E051-fr.vtt (0 MB)
  ok ep 51

Ep 52
  up anime/bleach/S01E052-vostfr.mp4 (653 MB)
  up anime/bleach/thumbnails/S01E052.jpg (0 MB)
  up anime/bleach/S01E052-fr.vtt (0 MB)
  ok ep 52

Ep 53
  up anime/bleach/S01E053-vostfr.mp4 (570 MB)
  up anime/bleach/thumbnails/S01E053.jpg (0 MB)
  up anime/bleach/S01E053-fr.vtt (0 MB)
  ok ep 53

Ep 54
  up anime/bleach/S01E054-vostfr.mp4 (842 MB)
  up anime/bleach/thumbnails/S01E054.jpg (0 MB)
  up anime/bleach/S01E054-fr.vtt (0 MB)
  ok ep 54

Ep 55
  up anime/bleach/S01E055-vostfr.mp4 (829 MB)
  up anime/bleach/thumbnails/S01E055.jpg (0 MB)
  up anime/bleach/S01E055-fr.vtt (0 MB)
  ok ep 55

Ep 56
  up anime/bleach/S01E056-vostfr.mp4 (717 MB)
  up anime/bleach/thumbnails/S01E056.jpg (0 MB)
  up anime/bleach/S01E056-fr.vtt (0 MB)
  ok ep 56

Ep 57
  up anime/bleach/S01E057-vostfr.mp4 (572 MB)
  up anime/bleach/thumbnails/S01E057.jpg (0 MB)
  up anime/bleach/S01E057-fr.vtt (0 MB)
  ok ep 57

Ep 58
  up anime/bleach/S01E058-vostfr.mp4 (1035 MB)
  up anime/bleach/thumbnails/S01E058.jpg (0 MB)
  up anime/bleach/S01E058-fr.vtt (0 MB)
  ok ep 58

Ep 59
  up anime/bleach/S01E059-vostfr.mp4 (560 MB)
  up anime/bleach/thumbnails/S01E059.jpg (0 MB)
  up anime/bleach/S01E059-fr.vtt (0 MB)
  ok ep 59

Ep 60
  up anime/bleach/S01E060-vostfr.mp4 (636 MB)
  up anime/bleach/thumbnails/S01E060.jpg (0 MB)
  up anime/bleach/S01E060-fr.vtt (0 MB)
  ok ep 60

Ep 61
  up anime/bleach/S01E061-vostfr.mp4 (856 MB)
  up anime/bleach/thumbnails/S01E061.jpg (0 MB)
  up anime/bleach/S01E061-fr.vtt (0 MB)
  ok ep 61

Ep 62
  up anime/bleach/S01E062-vostfr.mp4 (678 MB)
  up anime/bleach/thumbnails/S01E062.jpg (0 MB)
  up anime/bleach/S01E062-fr.vtt (0 MB)
  ok ep 62

Ep 63
  up anime/bleach/S01E063-vostfr.mp4 (475 MB)
  up anime/bleach/thumbnails/S01E063.jpg (0 MB)
  up anime/bleach/S01E063-fr.vtt (0 MB)
  ok ep 63

Ep 64
  up anime/bleach/S01E064-vostfr.mp4 (526 MB)
  up anime/bleach/thumbnails/S01E064.jpg (0 MB)
  up anime/bleach/S01E064-fr.vtt (0 MB)
  ok ep 64

Ep 65
  up anime/bleach/S01E065-vostfr.mp4 (504 MB)
  up anime/bleach/thumbnails/S01E065.jpg (0 MB)
  up anime/bleach/S01E065-fr.vtt (0 MB)
  ok ep 65

Ep 66
  up anime/bleach/S01E066-vostfr.mp4 (608 MB)
  up anime/bleach/thumbnails/S01E066.jpg (0 MB)
  up anime/bleach/S01E066-fr.vtt (0 MB)
  ok ep 66

Ep 67
  up anime/bleach/S01E067-vostfr.mp4 (501 MB)
  up anime/bleach/thumbnails/S01E067.jpg (0 MB)
  up anime/bleach/S01E067-fr.vtt (0 MB)
  ok ep 67

Ep 68
  up anime/bleach/S01E068-vostfr.mp4 (550 MB)
  up anime/bleach/thumbnails/S01E068.jpg (0 MB)
  up anime/bleach/S01E068-fr.vtt (0 MB)
  ok ep 68

Ep 69
  up anime/bleach/S01E069-vostfr.mp4 (564 MB)
  up anime/bleach/thumbnails/S01E069.jpg (0 MB)
  up anime/bleach/S01E069-fr.vtt (0 MB)
  ok ep 69

Ep 70
  up anime/bleach/S01E070-vostfr.mp4 (501 MB)
  up anime/bleach/thumbnails/S01E070.jpg (0 MB)
  up anime/bleach/S01E070-fr.vtt (0 MB)
  ok ep 70

Ep 71
  up anime/bleach/S01E071-vostfr.mp4 (590 MB)
  up anime/bleach/thumbnails/S01E071.jpg (0 MB)
  up anime/bleach/S01E071-fr.vtt (0 MB)
  ok ep 71

Ep 72
  up anime/bleach/S01E072-vostfr.mp4 (523 MB)
  up anime/bleach/thumbnails/S01E072.jpg (0 MB)
  up anime/bleach/S01E072-fr.vtt (0 MB)
  ok ep 72

Ep 73
  up anime/bleach/S01E073-vostfr.mp4 (638 MB)
  up anime/bleach/thumbnails/S01E073.jpg (0 MB)
  up anime/bleach/S01E073-fr.vtt (0 MB)
  ok ep 73

Ep 74
  up anime/bleach/S01E074-vostfr.mp4 (920 MB)
  up anime/bleach/thumbnails/S01E074.jpg (0 MB)
  up anime/bleach/S01E074-fr.vtt (0 MB)
  ok ep 74

Ep 75
  up anime/bleach/S01E075-vostfr.mp4 (506 MB)
  up anime/bleach/thumbnails/S01E075.jpg (0 MB)
  up anime/bleach/S01E075-fr.vtt (0 MB)
  ok ep 75

Ep 76
  up anime/bleach/S01E076-vostfr.mp4 (501 MB)
  up anime/bleach/thumbnails/S01E076.jpg (0 MB)
  up anime/bleach/S01E076-fr.vtt (0 MB)
  ok ep 76

Ep 77
  up anime/bleach/S01E077-vostfr.mp4 (511 MB)
  up anime/bleach/thumbnails/S01E077.jpg (0 MB)
  up anime/bleach/S01E077-fr.vtt (0 MB)
  ok ep 77

Ep 78
  up anime/bleach/S01E078-vostfr.mp4 (604 MB)
  up anime/bleach/thumbnails/S01E078.jpg (0 MB)
  up anime/bleach/S01E078-fr.vtt (0 MB)
  ok ep 78

Ep 79
  up anime/bleach/S01E079-vostfr.mp4 (560 MB)
  up anime/bleach/thumbnails/S01E079.jpg (0 MB)
  up anime/bleach/S01E079-fr.vtt (0 MB)
  ok ep 79

Ep 80
  up anime/bleach/S01E080-vostfr.mp4 (560 MB)
  up anime/bleach/thumbnails/S01E080.jpg (0 MB)
  up anime/bleach/S01E080-fr.vtt (0 MB)
  ok ep 80

Ep 81
  up anime/bleach/S01E081-vostfr.mp4 (462 MB)
  up anime/bleach/thumbnails/S01E081.jpg (0 MB)
  up anime/bleach/S01E081-fr.vtt (0 MB)
  ok ep 81

Ep 82
  up anime/bleach/S01E082-vostfr.mp4 (483 MB)
  up anime/bleach/thumbnails/S01E082.jpg (0 MB)
  up anime/bleach/S01E082-fr.vtt (0 MB)
  ok ep 82

Ep 83
  up anime/bleach/S01E083-vostfr.mp4 (464 MB)
  up anime/bleach/thumbnails/S01E083.jpg (0 MB)
  up anime/bleach/S01E083-fr.vtt (0 MB)
  ok ep 83

Ep 84
  up anime/bleach/S01E084-vostfr.mp4 (680 MB)
  up anime/bleach/thumbnails/S01E084.jpg (0 MB)
  up anime/bleach/S01E084-fr.vtt (0 MB)
  ok ep 84

Ep 85
  up anime/bleach/S01E085-vostfr.mp4 (554 MB)
  up anime/bleach/thumbnails/S01E085.jpg (0 MB)
  up anime/bleach/S01E085-fr.vtt (0 MB)
  ok ep 85

Ep 86
  up anime/bleach/S01E086-vostfr.mp4 (625 MB)
  up anime/bleach/thumbnails/S01E086.jpg (0 MB)
  up anime/bleach/S01E086-fr.vtt (0 MB)
  ok ep 86

Ep 87
  up anime/bleach/S01E087-vostfr.mp4 (586 MB)
  up anime/bleach/thumbnails/S01E087.jpg (0 MB)
  up anime/bleach/S01E087-fr.vtt (0 MB)
  ok ep 87

Ep 88
  up anime/bleach/S01E088-vostfr.mp4 (481 MB)
  up anime/bleach/thumbnails/S01E088.jpg (0 MB)
  up anime/bleach/S01E088-fr.vtt (0 MB)
  ok ep 88

Ep 89
  up anime/bleach/S01E089-vostfr.mp4 (729 MB)
  up anime/bleach/thumbnails/S01E089.jpg (0 MB)
  up anime/bleach/S01E089-fr.vtt (0 MB)
  ok ep 89

Ep 90
  up anime/bleach/S01E090-vostfr.mp4 (613 MB)
  up anime/bleach/thumbnails/S01E090.jpg (0 MB)
  up anime/bleach/S01E090-fr.vtt (0 MB)
  ok ep 90

Ep 91
  up anime/bleach/S01E091-vostfr.mp4 (739 MB)
  up anime/bleach/thumbnails/S01E091.jpg (0 MB)
  up anime/bleach/S01E091-fr.vtt (0 MB)
  ok ep 91

Ep 92
  up anime/bleach/S01E092-vostfr.mp4 (616 MB)
  up anime/bleach/thumbnails/S01E092.jpg (0 MB)
  up anime/bleach/S01E092-fr.vtt (0 MB)
  ok ep 92

Ep 93
  up anime/bleach/S01E093-vostfr.mp4 (703 MB)
  up anime/bleach/thumbnails/S01E093.jpg (0 MB)
  up anime/bleach/S01E093-fr.vtt (0 MB)
  ok ep 93

Ep 94
  up anime/bleach/S01E094-vostfr.mp4 (524 MB)
  up anime/bleach/thumbnails/S01E094.jpg (0 MB)
  up anime/bleach/S01E094-fr.vtt (0 MB)
  ok ep 94

Ep 95
  up anime/bleach/S01E095-vostfr.mp4 (560 MB)
  up anime/bleach/thumbnails/S01E095.jpg (0 MB)
  up anime/bleach/S01E095-fr.vtt (0 MB)
  ok ep 95

Ep 96
  up anime/bleach/S01E096-vostfr.mp4 (502 MB)
  up anime/bleach/thumbnails/S01E096.jpg (0 MB)
  up anime/bleach/S01E096-fr.vtt (0 MB)
  ok ep 96

Ep 97
  up anime/bleach/S01E097-vostfr.mp4 (511 MB)
  up anime/bleach/thumbnails/S01E097.jpg (0 MB)
  up anime/bleach/S01E097-fr.vtt (0 MB)
  ok ep 97

Ep 98
  up anime/bleach/S01E098-vostfr.mp4 (621 MB)
  up anime/bleach/thumbnails/S01E098.jpg (0 MB)
  up anime/bleach/S01E098-fr.vtt (0 MB)
  ok ep 98

Ep 99
  up anime/bleach/S01E099-vostfr.mp4 (531 MB)
  up anime/bleach/thumbnails/S01E099.jpg (0 MB)
  up anime/bleach/S01E099-fr.vtt (0 MB)
  ok ep 99

Ep 100
  up anime/bleach/S01E100-vostfr.mp4 (571 MB)
  up anime/bleach/thumbnails/S01E100.jpg (0 MB)
  up anime/bleach/S01E100-fr.vtt (0 MB)
  ok ep 100

Termine Bleach.
