=== Hunter x Hunter : 148 fichiers ===
[E001] hq deja — skip
[E002] hq deja — skip
[E003] hq deja — skip
[E004] hq deja — skip
[E005] hq deja — skip
[E006] hq deja — skip
[E007] hq deja — skip
[E008] hq deja — skip
[E009] hq deja — skip
[E010] hq deja — skip
[E011] hq deja — skip
[E012] Hunter x Hunter (2011) - 012 MULTI BDrip 1080p FLAC x265-GundamGuy.mkv
  up anime/hxh/E012-vostfr.mp4 (1269 MB)
  up anime/hxh/thumbnails/E012.jpg (0 MB)
  up anime/hxh/E012-fr.vtt (0 MB)
  ok E012
[E013] Hunter x Hunter (2011) - 013 MULTI BDrip 1080p FLAC x265-GundamGuy.mkv
  up anime/hxh/E013-vostfr.mp4 (1572 MB)
  up anime/hxh/thumbnails/E013.jpg (0 MB)
  up anime/hxh/E013-fr.vtt (0 MB)
  ok E013
[E014] Hunter x Hunter (2011) - 014 MULTI BDrip 1080p FLAC x265-GundamGuy.mkv
  up anime/hxh/E014-vostfr.mp4 (1453 MB)
  up anime/hxh/thumbnails/E014.jpg (0 MB)
  up anime/hxh/E014-fr.vtt (0 MB)
  ok E014
[E015] Hunter x Hunter (2011) - 015 MULTI BDrip 1080p FLAC x265-GundamGuy.mkv
  up anime/hxh/E015-vostfr.mp4 (1490 MB)
  up anime/hxh/thumbnails/E015.jpg (0 MB)
  up anime/hxh/E015-fr.vtt (0 MB)
  ok E015
[E016] Hunter x Hunter (2011) - 016 MULTI BDrip 1080p FLAC x265-GundamGuy.mkv
  up anime/hxh/E016-vostfr.mp4 (1540 MB)
  up anime/hxh/thumbnails/E016.jpg (0 MB)
  up anime/hxh/E016-fr.vtt (0 MB)
  ok E016
[E017] Hunter x Hunter (2011) - 017 MULTI BDrip 1080p FLAC x265-GundamGuy.mkv
  up anime/hxh/E017-vostfr.mp4 (1421 MB)
  up anime/hxh/thumbnails/E017.jpg (0 MB)
  up anime/hxh/E017-fr.vtt (0 MB)
  ok E017
[E018] Hunter x Hunter (2011) - 018 MULTI BDrip 1080p FLAC x265-GundamGuy.mkv
  up anime/hxh/E018-vostfr.mp4 (1527 MB)
  up anime/hxh/thumbnails/E018.jpg (0 MB)
  up anime/hxh/E018-fr.vtt (0 MB)
  ok E018
[E019] Hunter x Hunter (2011) - 019 MULTI BDrip 1080p FLAC x265-GundamGuy.mkv
  up anime/hxh/E019-vostfr.mp4 (1290 MB)
  up anime/hxh/thumbnails/E019.jpg (0 MB)
  up anime/hxh/E019-fr.vtt (0 MB)
  ok E019
[E020] Hunter x Hunter (2011) - 020 MULTI BDrip 1080p FLAC x265-GundamGuy.mkv
  up anime/hxh/E020-vostfr.mp4 (1307 MB)
  up anime/hxh/thumbnails/E020.jpg (0 MB)
  up anime/hxh/E020-fr.vtt (0 MB)
  ok E020
[E021] Hunter x Hunter (2011) - 021 MULTI BDrip 1080p FLAC x265-GundamGuy.mkv
  up anime/hxh/E021-vostfr.mp4 (1386 MB)
  up anime/hxh/thumbnails/E021.jpg (0 MB)
  up anime/hxh/E021-fr.vtt (0 MB)
  ok E021
[E022] Hunter x Hunter (2011) - 022 MULTI BDrip 1080p FLAC x265-GundamGuy.mkv
  up anime/hxh/E022-vostfr.mp4 (1290 MB)
  up anime/hxh/thumbnails/E022.jpg (0 MB)
  up anime/hxh/E022-fr.vtt (0 MB)
  ok E022
[E023] Hunter x Hunter (2011) - 023 MULTI BDrip 1080p FLAC x265-GundamGuy.mkv
  up anime/hxh/E023-vostfr.mp4 (1351 MB)
  up anime/hxh/thumbnails/E023.jpg (0 MB)
  up anime/hxh/E023-fr.vtt (0 MB)
  ok E023
[E024] Hunter x Hunter (2011) - 024 MULTI BDrip 1080p FLAC x265-GundamGuy.mkv
  up anime/hxh/E024-vostfr.mp4 (1447 MB)
  up anime/hxh/thumbnails/E024.jpg (0 MB)
  up anime/hxh/E024-fr.vtt (0 MB)
  ok E024
[E025] Hunter x Hunter (2011) - 025 MULTI BDrip 1080p FLAC x265-GundamGuy.mkv
  up anime/hxh/E025-vostfr.mp4 (1341 MB)
  up anime/hxh/thumbnails/E025.jpg (0 MB)
  up anime/hxh/E025-fr.vtt (0 MB)
  ok E025
[E026] Hunter x Hunter (2011) - 026 MULTI BDrip 1080p FLAC x265-GundamGuy.mkv
  up anime/hxh/E026-vostfr.mp4 (1457 MB)
  up anime/hxh/thumbnails/E026.jpg (0 MB)
  up anime/hxh/E026-fr.vtt (0 MB)
  ok E026
[E027] Hunter x Hunter (2011) - 027 MULTI BDrip 1080p FLAC x265-GundamGuy.mkv
  up anime/hxh/E027-vostfr.mp4 (1522 MB)
  up anime/hxh/thumbnails/E027.jpg (0 MB)
  up anime/hxh/E027-fr.vtt (0 MB)
  ok E027
[E028] Hunter x Hunter (2011) - 028 MULTI BDrip 1080p FLAC x265-GundamGuy.mkv
  up anime/hxh/E028-vostfr.mp4 (1383 MB)
  up anime/hxh/thumbnails/E028.jpg (0 MB)
  up anime/hxh/E028-fr.vtt (0 MB)
  ok E028
[E029] Hunter x Hunter (2011) - 029 MULTI BDrip 1080p FLAC x265-GundamGuy.mkv
  up anime/hxh/E029-vostfr.mp4 (1653 MB)
  up anime/hxh/thumbnails/E029.jpg (0 MB)
  up anime/hxh/E029-fr.vtt (0 MB)
  ok E029
[E030] Hunter x Hunter (2011) - 030 MULTI BDrip 1080p FLAC x265-GundamGuy.mkv
  up anime/hxh/E030-vostfr.mp4 (1515 MB)
  up anime/hxh/thumbnails/E030.jpg (0 MB)
  up anime/hxh/E030-fr.vtt (0 MB)
  ok E030
[E031] Hunter x Hunter (2011) - 031 MULTI BDrip 1080p FLAC x265-GundamGuy.mkv
  up anime/hxh/E031-vostfr.mp4 (1428 MB)
  up anime/hxh/thumbnails/E031.jpg (0 MB)
  up anime/hxh/E031-fr.vtt (0 MB)
  ok E031
[E032] Hunter x Hunter (2011) - 032 MULTI BDrip 1080p FLAC x265-GundamGuy.mkv
  up anime/hxh/E032-vostfr.mp4 (1421 MB)
  up anime/hxh/thumbnails/E032.jpg (0 MB)
  up anime/hxh/E032-fr.vtt (0 MB)
  ok E032
[E033] Hunter x Hunter (2011) - 033 MULTI BDrip 1080p FLAC x265-GundamGuy.mkv
  up anime/hxh/E033-vostfr.mp4 (1414 MB)
  up anime/hxh/thumbnails/E033.jpg (0 MB)
  up anime/hxh/E033-fr.vtt (0 MB)
  ok E033
[E034] Hunter x Hunter (2011) - 034 MULTI BDrip 1080p FLAC x265-GundamGuy.mkv
  up anime/hxh/E034-vostfr.mp4 (1611 MB)
  up anime/hxh/thumbnails/E034.jpg (0 MB)
  up anime/hxh/E034-fr.vtt (0 MB)
  ok E034
[E035] Hunter x Hunter (2011) - 035 MULTI BDrip 1080p FLAC x265-GundamGuy.mkv
  up anime/hxh/E035-vostfr.mp4 (1488 MB)
  up anime/hxh/thumbnails/E035.jpg (0 MB)
  up anime/hxh/E035-fr.vtt (0 MB)
  ok E035
[E036] Hunter x Hunter (2011) - 036 MULTI BDrip 1080p FLAC x265-GundamGuy.mkv
  up anime/hxh/E036-vostfr.mp4 (1577 MB)
  up anime/hxh/thumbnails/E036.jpg (0 MB)
  up anime/hxh/E036-fr.vtt (0 MB)
  ok E036
[E037] Hunter x Hunter (2011) - 037 MULTI BDrip 1080p FLAC x265-GundamGuy.mkv
  up anime/hxh/E037-vostfr.mp4 (1328 MB)
  up anime/hxh/thumbnails/E037.jpg (0 MB)
  up anime/hxh/E037-fr.vtt (0 MB)
  ok E037
[E038] Hunter x Hunter (2011) - 038 MULTI BDrip 1080p FLAC x265-GundamGuy.mkv
  up anime/hxh/E038-vostfr.mp4 (1304 MB)
  up anime/hxh/thumbnails/E038.jpg (0 MB)
  up anime/hxh/E038-fr.vtt (0 MB)
  ok E038
[E039] Hunter x Hunter (2011) - 039 MULTI BDrip 1080p FLAC x265-GundamGuy.mkv
