=== Hunter x Hunter : 148 fichiers ===
[E001] hq deja — skip
[E002] hq deja — skip
[E003] hq deja — skip
[E004] hq deja — skip
[E005] hq deja — skip
[E006] hq deja — skip
[E007] hq deja — skip
[E008] hq deja — skip
[E009] hq deja — skip
[E010] hq deja — skip
[E011] hq deja — skip
[E012] hq deja — skip
[E013] hq deja — skip
[E014] hq deja — skip
[E015] hq deja — skip
[E016] hq deja — skip
[E017] hq deja — skip
[E018] hq deja — skip
[E019] hq deja — skip
[E020] hq deja — skip
[E021] hq deja — skip
[E022] hq deja — skip
[E023] hq deja — skip
[E024] hq deja — skip
[E025] hq deja — skip
[E026] hq deja — skip
[E027] hq deja — skip
[E028] hq deja — skip
[E029] hq deja — skip
[E030] hq deja — skip
[E031] hq deja — skip
[E032] hq deja — skip
[E033] hq deja — skip
[E034] hq deja — skip
[E035] hq deja — skip
[E036] hq deja — skip
[E037] hq deja — skip
[E038] hq deja — skip
[E039] hq deja — skip
[E040] hq deja — skip
[E041] hq deja — skip
[E042] hq deja — skip
[E043] hq deja — skip
[E044] hq deja — skip
[E045] hq deja — skip
[E046] hq deja — skip
[E047] hq deja — skip
[E048] hq deja — skip
[E049] hq deja — skip
[E050] hq deja — skip
[E051] hq deja — skip
[E052] hq deja — skip
[E053] hq deja — skip
[E054] hq deja — skip
[E055] hq deja — skip
[E056] hq deja — skip
[E057] hq deja — skip
[E058] hq deja — skip
[E059] hq deja — skip
[E060] hq deja — skip
[E061] hq deja — skip
[E062] hq deja — skip
[E063] hq deja — skip
[E064] hq deja — skip
[E065] hq deja — skip
[E066] hq deja — skip
[E067] hq deja — skip
[E068] hq deja — skip
[E069] hq deja — skip
[E070] hq deja — skip
[E071] hq deja — skip
[E072] hq deja — skip
[E073] hq deja — skip
[E074] hq deja — skip
[E075] hq deja — skip
[E076] hq deja — skip
[E077] hq deja — skip
[E078] hq deja — skip
[E079] hq deja — skip
[E080] hq deja — skip
[E081] hq deja — skip
[E082] hq deja — skip
[E083] hq deja — skip
[E084] hq deja — skip
[E085] hq deja — skip
[E086] hq deja — skip
[E087] hq deja — skip
[E088] hq deja — skip
[E089] hq deja — skip
[E090] hq deja — skip
[E091] hq deja — skip
[E092] hq deja — skip
[E093] hq deja — skip
[E094] hq deja — skip
[E095] hq deja — skip
[E096] hq deja — skip
[E097] hq deja — skip
[E098] hq deja — skip
[E099] hq deja — skip
[E100] hq deja — skip
[E101] hq deja — skip
[E102] hq deja — skip
[E103] hq deja — skip
[E104] hq deja — skip
[E105] hq deja — skip
[E106] hq deja — skip
[E107] hq deja — skip
[E108] hq deja — skip
[E109] hq deja — skip
[E110] hq deja — skip
[E111] hq deja — skip
[E112] hq deja — skip
[E113] hq deja — skip
[E114] hq deja — skip
[E115] hq deja — skip
[E116] hq deja — skip
[E117] hq deja — skip
[E118] hq deja — skip
[E119] hq deja — skip
[E120] hq deja — skip
[E121] hq deja — skip
[E122] hq deja — skip
[E123] hq deja — skip
[E124] hq deja — skip
[E125] hq deja — skip
[E126] hq deja — skip
[E127] hq deja — skip
[E128] hq deja — skip
[E129] hq deja — skip
[E130] hq deja — skip
[E131] hq deja — skip
[E132] hq deja — skip
[E133] hq deja — skip
[E134] hq deja — skip
[E135] hq deja — skip
[E136] hq deja — skip
[E137] hq deja — skip
[E138] Hunter x Hunter (2011) - 138 MULTI BDrip 1080p FLAC x265-GundamGuy.mkv
  up anime/hxh/E138-vostfr.mp4 (1454 MB)
  up anime/hxh/thumbnails/E138.jpg (0 MB)
  up anime/hxh/E138-fr.vtt (0 MB)
  ok E138
[E139] Hunter x Hunter (2011) - 139 MULTI BDrip 1080p FLAC x265-GundamGuy.mkv
  up anime/hxh/E139-vostfr.mp4 (1525 MB)
  up anime/hxh/thumbnails/E139.jpg (0 MB)
  up anime/hxh/E139-fr.vtt (0 MB)
  ok E139
[E140] Hunter x Hunter (2011) - 140 MULTI BDrip 1080p FLAC x265-GundamGuy.mkv
  up anime/hxh/E140-vostfr.mp4 (1472 MB)
  up anime/hxh/thumbnails/E140.jpg (0 MB)
  up anime/hxh/E140-fr.vtt (0 MB)
  ok E140
[E141] Hunter x Hunter (2011) - 141 MULTI BDrip 1080p FLAC x265-GundamGuy.mkv
  up anime/hxh/E141-vostfr.mp4 (1572 MB)
  up anime/hxh/thumbnails/E141.jpg (0 MB)
  up anime/hxh/E141-fr.vtt (0 MB)
  ok E141
[E142] Hunter x Hunter (2011) - 142 MULTI BDrip 1080p FLAC x265-GundamGuy.mkv
  up anime/hxh/E142-vostfr.mp4 (1602 MB)
  up anime/hxh/thumbnails/E142.jpg (0 MB)
  up anime/hxh/E142-fr.vtt (0 MB)
  ok E142
[E143] Hunter x Hunter (2011) - 143 MULTI BDrip 1080p FLAC x265-GundamGuy.mkv
  up anime/hxh/E143-vostfr.mp4 (1389 MB)
  up anime/hxh/thumbnails/E143.jpg (0 MB)
  up anime/hxh/E143-fr.vtt (0 MB)
  ok E143
[E144] Hunter x Hunter (2011) - 144 MULTI BDrip 1080p FLAC x265-GundamGuy.mkv
  up anime/hxh/E144-vostfr.mp4 (1401 MB)
  up anime/hxh/thumbnails/E144.jpg (0 MB)
  up anime/hxh/E144-fr.vtt (0 MB)
  ok E144
[E145] Hunter x Hunter (2011) - 145 MULTI BDrip 1080p FLAC x265-GundamGuy.mkv
  up anime/hxh/E145-vostfr.mp4 (1539 MB)
  up anime/hxh/thumbnails/E145.jpg (0 MB)
  up anime/hxh/E145-fr.vtt (0 MB)
  ok E145
[E146] Hunter x Hunter (2011) - 146 MULTI BDrip 1080p FLAC x265-GundamGuy.mkv
  up anime/hxh/E146-vostfr.mp4 (1489 MB)
  up anime/hxh/thumbnails/E146.jpg (0 MB)
  up anime/hxh/E146-fr.vtt (0 MB)
  ok E146
[E147] Hunter x Hunter (2011) - 147 MULTI BDrip 1080p FLAC x265-GundamGuy.mkv
  up anime/hxh/E147-vostfr.mp4 (1515 MB)
